<?xml version="1.0" encoding="UTF-8"?>
<!-- Generated by org.testng.reporters.JUnitReportReporter -->
<testsuite skipped="0" hostname="DESKTOP-GC77B24" name="ir.fanap.test.business.NationalCodeBusinessImplTest" tests="33" failures="0" timestamp="2021-04-12T01:27:08 IRDT" time="0.042" errors="0">
  <testcase name="testGetPersonUniqueCode" time="0.001" classname="ir.fanap.test.business.NationalCodeBusinessImplTest"/>
  <system-out/>
  <testcase name="testGetStateCode" time="0.000" classname="ir.fanap.test.business.NationalCodeBusinessImplTest"/>
  <system-out/>
  <testcase name="testHasInValidLengthOrDigits" time="0.000" classname="ir.fanap.test.business.NationalCodeBusinessImplTest"/>
  <system-out/>
  <testcase name="testGetStateCode" time="0.000" classname="ir.fanap.test.business.NationalCodeBusinessImplTest"/>
  <system-out/>
  <testcase name="testCalculateNationalCodeLastDigit" time="0.000" classname="ir.fanap.test.business.NationalCodeBusinessImplTest"/>
  <system-out/>
  <testcase name="testGetStateCode" time="0.000" classname="ir.fanap.test.business.NationalCodeBusinessImplTest"/>
  <system-out/>
  <testcase name="testHasInValidLengthOrDigits" time="0.001" classname="ir.fanap.test.business.NationalCodeBusinessImplTest"/>
  <system-out/>
  <testcase name="testHasInValidLengthOrDigits" time="0.000" classname="ir.fanap.test.business.NationalCodeBusinessImplTest"/>
  <system-out/>
  <testcase name="testHasInValidLengthOrDigits" time="0.001" classname="ir.fanap.test.business.NationalCodeBusinessImplTest"/>
  <system-out/>
  <testcase name="testHasInValidLengthOrDigits" time="0.000" classname="ir.fanap.test.business.NationalCodeBusinessImplTest"/>
  <system-out/>
  <testcase name="testGetStateCode" time="0.001" classname="ir.fanap.test.business.NationalCodeBusinessImplTest"/>
  <system-out/>
  <testcase name="testGetStateCode" time="0.001" classname="ir.fanap.test.business.NationalCodeBusinessImplTest"/>
  <system-out/>
  <testcase name="testHasInValidLengthOrDigits" time="0.005" classname="ir.fanap.test.business.NationalCodeBusinessImplTest"/>
  <system-out/>
  <testcase name="testGetPersonUniqueCode" time="0.000" classname="ir.fanap.test.business.NationalCodeBusinessImplTest"/>
  <system-out/>
  <testcase name="testHasInValidLengthOrDigits" time="0.001" classname="ir.fanap.test.business.NationalCodeBusinessImplTest"/>
  <system-out/>
  <testcase name="testValidateNationalCode" time="0.001" classname="ir.fanap.test.business.NationalCodeBusinessImplTest"/>
  <system-out/>
  <testcase name="testValidateNationalCode" time="0.002" classname="ir.fanap.test.business.NationalCodeBusinessImplTest"/>
  <system-out/>
  <testcase name="testGetPersonUniqueCode" time="0.001" classname="ir.fanap.test.business.NationalCodeBusinessImplTest"/>
  <system-out/>
  <testcase name="testValidateNationalCode" time="0.001" classname="ir.fanap.test.business.NationalCodeBusinessImplTest"/>
  <system-out/>
  <testcase name="testCalculateNationalCodeLastDigit" time="0.004" classname="ir.fanap.test.business.NationalCodeBusinessImplTest"/>
  <system-out/>
  <testcase name="testHasInValidLengthOrDigits" time="0.001" classname="ir.fanap.test.business.NationalCodeBusinessImplTest"/>
  <system-out/>
  <testcase name="testGetStateCode" time="0.000" classname="ir.fanap.test.business.NationalCodeBusinessImplTest"/>
  <system-out/>
  <testcase name="testCalculateNationalCodeLastDigit" time="0.008" classname="ir.fanap.test.business.NationalCodeBusinessImplTest"/>
  <system-out/>
  <testcase name="testValidateNationalCode" time="0.001" classname="ir.fanap.test.business.NationalCodeBusinessImplTest"/>
  <system-out/>
  <testcase name="testHasInValidLengthOrDigits" time="0.000" classname="ir.fanap.test.business.NationalCodeBusinessImplTest"/>
  <system-out/>
  <testcase name="testCalculateNationalCodeLastDigit" time="0.001" classname="ir.fanap.test.business.NationalCodeBusinessImplTest"/>
  <system-out/>
  <testcase name="testHasInValidLengthOrDigits" time="0.000" classname="ir.fanap.test.business.NationalCodeBusinessImplTest"/>
  <system-out/>
  <testcase name="testValidateNationalCode" time="0.003" classname="ir.fanap.test.business.NationalCodeBusinessImplTest"/>
  <system-out/>
  <testcase name="testGetPersonUniqueCode" time="0.001" classname="ir.fanap.test.business.NationalCodeBusinessImplTest"/>
  <system-out/>
  <testcase name="testCalculateNationalCodeLastDigit" time="0.001" classname="ir.fanap.test.business.NationalCodeBusinessImplTest"/>
  <system-out/>
  <testcase name="testGetPersonUniqueCode" time="0.000" classname="ir.fanap.test.business.NationalCodeBusinessImplTest"/>
  <system-out/>
  <testcase name="testValidateNationalCode" time="0.005" classname="ir.fanap.test.business.NationalCodeBusinessImplTest"/>
  <system-out/>
  <testcase name="testHasInValidLengthOrDigits" time="0.001" classname="ir.fanap.test.business.NationalCodeBusinessImplTest"/>
  <system-out/>
</testsuite> <!-- ir.fanap.test.business.NationalCodeBusinessImplTest -->
